<?xml version="1.0" encoding="UTF-8"?>
<!-- Generated by org.testng.reporters.JUnitReportReporter -->
<testsuite hostname="DESKTOP-QFBMQ48" failures="0" tests="1" name="simpleproject.Test2" time="0.001" errors="0" timestamp="2022-01-11T09:42:28 IST" skipped="0">
  <testcase classname="simpleproject.Test2" name="tc2" time="0.001"/>
  <system-out>
    <![CDATA[Hell Python]]>
  </system-out>
</testsuite> <!-- simpleproject.Test2 -->
