<?xml version="1.0" encoding="UTF-8"?>
<!-- Generated by org.testng.reporters.JUnitReportReporter -->
<testsuite hostname="DESKTOP-QFBMQ48" failures="0" tests="1" name="simpleproject.Test4" time="0.009" errors="0" timestamp="2022-01-11T09:42:29 IST" skipped="0">
  <testcase classname="simpleproject.Test4" name="tc4" time="0.009"/>
  <system-out>
    <![CDATA[Hell php]]>
  </system-out>
</testsuite> <!-- simpleproject.Test4 -->
