<?xml version="1.0" encoding="UTF-8"?>
<!-- Generated by org.testng.reporters.JUnitReportReporter -->
<testsuite hostname="DESKTOP-QFBMQ48" failures="0" tests="1" name="simpleproject.Test3" time="0.002" errors="0" timestamp="2022-01-11T09:42:28 IST" skipped="0">
  <testcase classname="simpleproject.Test3" name="tc3" time="0.002"/>
  <system-out>
    <![CDATA[Hell Ruby]]>
  </system-out>
</testsuite> <!-- simpleproject.Test3 -->
